<?xml version="1.0" encoding="UTF-8"?>
<!-- Generated by org.testng.reporters.JUnitReportReporter -->
<testsuite skipped="0" hostname="DESKTOP-KGCMKUI" name="exceldatainput.datadriven" tests="1" failures="0" timestamp="2021-01-21T15:55:00 IST" time="18.273" errors="0">
  <testcase name="demoClass" time="18.273" classname="exceldatainput.datadriven"/>
  <system-out/>
</testsuite> <!-- exceldatainput.datadriven -->
