<?xml version="1.0" encoding="UTF-8"?>
<!-- Generated by org.testng.reporters.JUnitReportReporter -->
<testsuite skipped="0" hostname="DESKTOP-KGCMKUI" name="projectmain.project1" tests="1" failures="0" timestamp="2021-01-21T03:31:40 IST" time="12.164" errors="0">
  <testcase name="testUntitledTestCase" time="12.164" classname="projectmain.project1"/>
  <system-out/>
</testsuite> <!-- projectmain.project1 -->
