<?xml version="1.0" encoding="UTF-8"?>
<!-- Generated by org.testng.reporters.JUnitReportReporter -->
<testsuite skipped="0" hostname="DESKTOP-KGCMKUI" name="project.project3" tests="1" failures="0" timestamp="2021-01-21T03:06:32 IST" time="5.021" errors="0">
  <testcase name="test" time="5.021" classname="project.project3"/>
  <system-out/>
</testsuite> <!-- project.project3 -->
